{"asctime": "2024-09-10 12:06:15,580", "name": "__main__", "levelname": "INFO", "message": "Successful GET", "pathname": "/Users/samuelrose/Repos/Api Project/FlaskApp/MikesApi.py", "lineno": 77, "threadName": "Thread-3"}
{"asctime": "2024-09-10 12:06:25,544", "name": "__main__", "levelname": "INFO", "message": "Successful request for Ubuntu", "pathname": "/Users/samuelrose/Repos/Api Project/FlaskApp/MikesApi.py", "lineno": 97, "threadName": "Thread-5"}
{"asctime": "2024-09-10 12:06:58,477", "name": "__main__", "levelname": "INFO", "message": "Successful request for Ubuntu", "pathname": "/Users/samuelrose/Repos/Api Project/FlaskApp/MikesApi.py", "lineno": 97, "threadName": "Thread-2"}
{"asctime": "2024-09-10 12:07:05,667", "name": "__main__", "levelname": "INFO", "message": "Successful request for Centos", "pathname": "/Users/samuelrose/Repos/Api Project/FlaskApp/MikesApi.py", "lineno": 97, "threadName": "Thread-3"}
{"asctime": "2024-09-10 12:07:47,844", "name": "__main__", "levelname": "INFO", "message": "Successful GET", "pathname": "/Users/samuelrose/Repos/Api Project/FlaskApp/MikesApi.py", "lineno": 77, "threadName": "Thread-4"}
{"asctime": "2024-09-10 12:07:50,109", "name": "__main__", "levelname": "INFO", "message": "Successful GET", "pathname": "/Users/samuelrose/Repos/Api Project/FlaskApp/MikesApi.py", "lineno": 77, "threadName": "Thread-5"}
{"asctime": "2024-09-10 12:07:50,557", "name": "__main__", "levelname": "INFO", "message": "Successful GET", "pathname": "/Users/samuelrose/Repos/Api Project/FlaskApp/MikesApi.py", "lineno": 77, "threadName": "Thread-6"}
{"asctime": "2024-09-11 12:46:40,678", "name": "MikesApi", "levelname": "INFO", "message": "Successful request for Ubuntu", "pathname": "/Users/samuelrose/Repos/Api Project/FlaskApp/MikesApi.py", "lineno": 97, "threadName": "MainThread"}
{"asctime": "2024-09-11 12:48:11,413", "name": "MikesApi", "levelname": "INFO", "message": "Successful request for Ubuntu", "pathname": "/Users/samuelrose/Repos/Api Project/FlaskApp/MikesApi.py", "lineno": 97, "threadName": "MainThread"}
{"asctime": "2024-09-11 12:52:05,622", "name": "MikesApi", "levelname": "INFO", "message": "Successful request for Ubuntu", "pathname": "/Users/samuelrose/Repos/Api Project/FlaskApp/MikesApi.py", "lineno": 97, "threadName": "MainThread"}
{"asctime": "2024-09-11 13:00:44,518", "name": "MikesApi", "levelname": "INFO", "message": "Successful request for Ubuntu", "pathname": "/Users/samuelrose/Repos/Api Project/FlaskApp/MikesApi.py", "lineno": 97, "threadName": "MainThread"}
{"asctime": "2024-09-11 13:02:51,150", "name": "MikesApi", "levelname": "INFO", "message": "Successful request for Ubuntu", "pathname": "/Users/samuelrose/Repos/Api Project/FlaskApp/MikesApi.py", "lineno": 97, "threadName": "MainThread"}
{"asctime": "2024-09-11 13:40:37,801", "name": "MikesApi", "levelname": "INFO", "message": "Successful request for Ubuntu", "pathname": "/Users/samuelrose/Repos/Api Project/FlaskApp/MikesApi.py", "lineno": 97, "threadName": "MainThread"}
{"asctime": "2024-09-11 13:41:06,434", "name": "MikesApi", "levelname": "INFO", "message": "Successful request for Ubuntu", "pathname": "/Users/samuelrose/Repos/Api Project/FlaskApp/MikesApi.py", "lineno": 97, "threadName": "MainThread"}
{"asctime": "2024-09-11 13:43:02,551", "name": "MikesApi", "levelname": "INFO", "message": "Successful request for Ubuntu", "pathname": "/Users/samuelrose/Repos/Api Project/FlaskApp/MikesApi.py", "lineno": 97, "threadName": "MainThread"}
{"asctime": "2024-09-11 13:43:44,717", "name": "MikesApi", "levelname": "INFO", "message": "Successful request for Ubuntu", "pathname": "/Users/samuelrose/Repos/Api Project/FlaskApp/MikesApi.py", "lineno": 97, "threadName": "MainThread"}
{"asctime": "2024-09-11 13:55:45,489", "name": "MikesApi", "levelname": "INFO", "message": "Successful request for Ubuntu", "pathname": "/Users/samuelrose/Repos/Api Project/FlaskApp/MikesApi.py", "lineno": 97, "threadName": "MainThread"}
{"asctime": "2024-09-11 13:55:45,490", "name": "MikesApi", "levelname": "INFO", "message": "Successful POST", "pathname": "/Users/samuelrose/Repos/Api Project/FlaskApp/MikesApi.py", "lineno": 85, "threadName": "MainThread", "request_data": "Test Post Data"}
{"asctime": "2024-09-11 13:55:45,490", "name": "MikesApi", "levelname": "INFO", "message": "Successful GET", "pathname": "/Users/samuelrose/Repos/Api Project/FlaskApp/MikesApi.py", "lineno": 77, "threadName": "MainThread"}
{"asctime": "2024-09-11 14:14:15,223", "name": "MikesApi", "levelname": "INFO", "message": "Successful request for Ubuntu", "pathname": "/Users/samuelrose/Repos/Api Project/FlaskApp/MikesApi.py", "lineno": 106, "threadName": "MainThread"}
{"asctime": "2024-09-11 14:14:15,224", "name": "MikesApi", "levelname": "INFO", "message": "Successful POST", "pathname": "/Users/samuelrose/Repos/Api Project/FlaskApp/MikesApi.py", "lineno": 94, "threadName": "MainThread", "request_data": {"name": "Fedora", "supported_versions": [{"end_date": "29/04/22", "release_date": "27/04/21", "version": "34"}, {"end_date": "30/11/21", "release_date": "27/10/20", "version": "33"}]}}
{"asctime": "2024-09-11 14:14:15,224", "name": "MikesApi", "levelname": "INFO", "message": "Successful GET", "pathname": "/Users/samuelrose/Repos/Api Project/FlaskApp/MikesApi.py", "lineno": 77, "threadName": "MainThread"}
{"asctime": "2024-09-11 14:21:11,295", "name": "MikesApi", "levelname": "INFO", "message": "Successful request for Ubuntu", "pathname": "/Users/samuelrose/Repos/Api Project/FlaskApp/MikesApi.py", "lineno": 106, "threadName": "MainThread"}
{"asctime": "2024-09-11 14:21:11,296", "name": "MikesApi", "levelname": "INFO", "message": "Successful POST", "pathname": "/Users/samuelrose/Repos/Api Project/FlaskApp/MikesApi.py", "lineno": 94, "threadName": "MainThread", "request_data": {"name": "Fedora", "supported_versions": [{"end_date": "29/04/22", "release_date": "27/04/21", "version": "34"}, {"end_date": "30/11/21", "release_date": "27/10/20", "version": "33"}]}}
{"asctime": "2024-09-11 14:21:11,296", "name": "MikesApi", "levelname": "INFO", "message": "Successful GET", "pathname": "/Users/samuelrose/Repos/Api Project/FlaskApp/MikesApi.py", "lineno": 77, "threadName": "MainThread"}
{"asctime": "2024-09-11 14:38:05,982", "name": "MikesApi", "levelname": "INFO", "message": "Successful request for Ubuntu", "pathname": "/Users/samuelrose/Repos/Api Project/FlaskApp/MikesApi.py", "lineno": 111, "threadName": "MainThread"}
{"asctime": "2024-09-11 14:38:05,983", "name": "MikesApi", "levelname": "INFO", "message": "Successful POST", "pathname": "/Users/samuelrose/Repos/Api Project/FlaskApp/MikesApi.py", "lineno": 99, "threadName": "MainThread", "request_data": {"name": "Fedora", "supported_versions": [{"end_date": "29/04/22", "release_date": "27/04/21", "version": "34"}, {"end_date": "30/11/21", "release_date": "27/10/20", "version": "33"}]}}
{"asctime": "2024-09-11 14:38:05,983", "name": "MikesApi", "levelname": "INFO", "message": "Successful GET", "pathname": "/Users/samuelrose/Repos/Api Project/FlaskApp/MikesApi.py", "lineno": 80, "threadName": "MainThread"}
